2024-04-12T22:38:01.548+02:00  INFO 2896 --- [main] c.m.timesheet.TimeAppServiceApplication  : Starting TimeAppServiceApplication using Java 17.0.10 with PID 2896 (C:\Users\Rajkumar R\Documents\workspace-spring-tool-suite-4-4.22.0.RELEASE\TimeAppService\target\classes started by Rajkumar R in C:\Users\Rajkumar R\Documents\workspace-spring-tool-suite-4-4.22.0.RELEASE\TimeAppService)
2024-04-12T22:38:01.569+02:00  INFO 2896 --- [main] c.m.timesheet.TimeAppServiceApplication  : No active profile set, falling back to 1 default profile: "default"
2024-04-12T22:38:06.019+02:00  INFO 2896 --- [main] .s.d.r.c.RepositoryConfigurationDelegate : Bootstrapping Spring Data JPA repositories in DEFAULT mode.
2024-04-12T22:38:06.208+02:00  INFO 2896 --- [main] .s.d.r.c.RepositoryConfigurationDelegate : Finished Spring Data repository scanning in 176 ms. Found 1 JPA repository interfaces.
2024-04-12T22:38:08.713+02:00  INFO 2896 --- [main] o.s.b.w.embedded.tomcat.TomcatWebServer  : Tomcat initialized with port(s): 7777 (http)
2024-04-12T22:38:08.780+02:00  INFO 2896 --- [main] o.apache.catalina.core.StandardService   : Starting service [Tomcat]
2024-04-12T22:38:08.781+02:00  INFO 2896 --- [main] o.apache.catalina.core.StandardEngine    : Starting Servlet engine: [Apache Tomcat/10.1.1]
2024-04-12T22:38:09.164+02:00  INFO 2896 --- [main] o.a.c.c.C.[Tomcat].[localhost].[/]       : Initializing Spring embedded WebApplicationContext
2024-04-12T22:38:09.164+02:00  INFO 2896 --- [main] w.s.c.ServletWebServerApplicationContext : Root WebApplicationContext: initialization completed in 7245 ms
2024-04-12T22:38:09.971+02:00  INFO 2896 --- [main] o.hibernate.jpa.internal.util.LogHelper  : HHH000204: Processing PersistenceUnitInfo [name: default]
2024-04-12T22:38:10.148+02:00  INFO 2896 --- [main] org.hibernate.Version                    : HHH000412: Hibernate ORM core version 6.1.5.Final
2024-04-12T22:38:10.735+02:00  WARN 2896 --- [main] org.hibernate.orm.deprecation            : HHH90000021: Encountered deprecated setting [javax.persistence.sharedCache.mode], use [jakarta.persistence.sharedCache.mode] instead
2024-04-12T22:38:11.188+02:00  INFO 2896 --- [main] com.zaxxer.hikari.HikariDataSource       : HikariPool-1 - Starting...
2024-04-12T22:38:11.935+02:00  INFO 2896 --- [main] com.zaxxer.hikari.pool.HikariPool        : HikariPool-1 - Added connection com.mysql.cj.jdbc.ConnectionImpl@ab2009f
2024-04-12T22:38:11.939+02:00  INFO 2896 --- [main] com.zaxxer.hikari.HikariDataSource       : HikariPool-1 - Start completed.
2024-04-12T22:38:12.068+02:00  INFO 2896 --- [main] SQL dialect                              : HHH000400: Using dialect: org.hibernate.dialect.MySQL8Dialect
2024-04-12T22:38:12.069+02:00  WARN 2896 --- [main] org.hibernate.orm.deprecation            : HHH90000026: MySQL8Dialect has been deprecated; use org.hibernate.dialect.MySQLDialect instead
2024-04-12T22:38:15.342+02:00  INFO 2896 --- [main] o.h.e.t.j.p.i.JtaPlatformInitiator       : HHH000490: Using JtaPlatform implementation: [org.hibernate.engine.transaction.jta.platform.internal.NoJtaPlatform]
2024-04-12T22:38:15.416+02:00  INFO 2896 --- [main] j.LocalContainerEntityManagerFactoryBean : Initialized JPA EntityManagerFactory for persistence unit 'default'
2024-04-12T22:38:16.929+02:00  WARN 2896 --- [main] JpaBaseConfiguration$JpaWebConfiguration : spring.jpa.open-in-view is enabled by default. Therefore, database queries may be performed during view rendering. Explicitly configure spring.jpa.open-in-view to disable this warning
2024-04-12T22:38:17.542+02:00  INFO 2896 --- [main] o.s.s.web.DefaultSecurityFilterChain     : Will secure any request with [org.springframework.security.web.session.DisableEncodeUrlFilter@3d9c69f8, org.springframework.security.web.context.request.async.WebAsyncManagerIntegrationFilter@1235732d, org.springframework.security.web.context.SecurityContextHolderFilter@381c826c, org.springframework.security.web.header.HeaderWriterFilter@30d3f583, org.springframework.security.web.csrf.CsrfFilter@37806ccb, org.springframework.security.web.authentication.logout.LogoutFilter@3b4b2c03, org.springframework.security.oauth2.server.resource.web.authentication.BearerTokenAuthenticationFilter@2ab1c7a9, org.springframework.security.web.savedrequest.RequestCacheAwareFilter@1f062e10, org.springframework.security.web.servletapi.SecurityContextHolderAwareRequestFilter@36dbfa68, org.springframework.security.web.authentication.AnonymousAuthenticationFilter@369d624d, org.springframework.security.web.session.SessionManagementFilter@11f752d1, org.springframework.security.web.access.ExceptionTranslationFilter@38276668, org.springframework.security.web.access.intercept.AuthorizationFilter@2e41b65a]
2024-04-12T22:38:19.076+02:00  INFO 2896 --- [main] o.s.b.w.embedded.tomcat.TomcatWebServer  : Tomcat started on port(s): 7777 (http) with context path ''
2024-04-12T22:38:19.092+02:00  INFO 2896 --- [main] c.m.timesheet.TimeAppServiceApplication  : Started TimeAppServiceApplication in 20.008 seconds (process running for 25.576)
2024-04-12T23:13:01.061+02:00  INFO 2896 --- [http-nio-7777-exec-2] o.a.c.c.C.[Tomcat].[localhost].[/]       : Initializing Spring DispatcherServlet 'dispatcherServlet'
2024-04-12T23:13:01.062+02:00  INFO 2896 --- [http-nio-7777-exec-2] o.s.web.servlet.DispatcherServlet        : Initializing Servlet 'dispatcherServlet'
2024-04-12T23:13:01.065+02:00  INFO 2896 --- [http-nio-7777-exec-2] o.s.web.servlet.DispatcherServlet        : Completed initialization in 3 ms
2024-04-12T23:13:38.218+02:00  INFO 8256 --- [main] c.m.timesheet.TimeAppServiceApplication  : Starting TimeAppServiceApplication using Java 17.0.10 with PID 8256 (C:\Users\Rajkumar R\Documents\workspace-spring-tool-suite-4-4.22.0.RELEASE\TimeAppService\target\classes started by Rajkumar R in C:\Users\Rajkumar R\Documents\workspace-spring-tool-suite-4-4.22.0.RELEASE\TimeAppService)
2024-04-12T23:13:38.222+02:00  INFO 8256 --- [main] c.m.timesheet.TimeAppServiceApplication  : No active profile set, falling back to 1 default profile: "default"
2024-04-12T23:13:39.497+02:00  INFO 8256 --- [main] .s.d.r.c.RepositoryConfigurationDelegate : Bootstrapping Spring Data JPA repositories in DEFAULT mode.
2024-04-12T23:13:39.603+02:00  INFO 8256 --- [main] .s.d.r.c.RepositoryConfigurationDelegate : Finished Spring Data repository scanning in 92 ms. Found 1 JPA repository interfaces.
2024-04-12T23:13:40.719+02:00  INFO 8256 --- [main] o.s.b.w.embedded.tomcat.TomcatWebServer  : Tomcat initialized with port(s): 7777 (http)
2024-04-12T23:13:40.735+02:00  INFO 8256 --- [main] o.apache.catalina.core.StandardService   : Starting service [Tomcat]
2024-04-12T23:13:40.736+02:00  INFO 8256 --- [main] o.apache.catalina.core.StandardEngine    : Starting Servlet engine: [Apache Tomcat/10.1.1]
2024-04-12T23:13:40.908+02:00  INFO 8256 --- [main] o.a.c.c.C.[Tomcat].[localhost].[/]       : Initializing Spring embedded WebApplicationContext
2024-04-12T23:13:40.909+02:00  INFO 8256 --- [main] w.s.c.ServletWebServerApplicationContext : Root WebApplicationContext: initialization completed in 2599 ms
2024-04-12T23:13:41.201+02:00  INFO 8256 --- [main] o.hibernate.jpa.internal.util.LogHelper  : HHH000204: Processing PersistenceUnitInfo [name: default]
2024-04-12T23:13:41.283+02:00  INFO 8256 --- [main] org.hibernate.Version                    : HHH000412: Hibernate ORM core version 6.1.5.Final
2024-04-12T23:13:41.513+02:00  WARN 8256 --- [main] org.hibernate.orm.deprecation            : HHH90000021: Encountered deprecated setting [javax.persistence.sharedCache.mode], use [jakarta.persistence.sharedCache.mode] instead
2024-04-12T23:13:41.687+02:00  INFO 8256 --- [main] com.zaxxer.hikari.HikariDataSource       : HikariPool-1 - Starting...
2024-04-12T23:13:41.903+02:00  INFO 8256 --- [main] com.zaxxer.hikari.pool.HikariPool        : HikariPool-1 - Added connection com.mysql.cj.jdbc.ConnectionImpl@570ed9c
2024-04-12T23:13:41.907+02:00  INFO 8256 --- [main] com.zaxxer.hikari.HikariDataSource       : HikariPool-1 - Start completed.
2024-04-12T23:13:41.938+02:00  INFO 8256 --- [main] SQL dialect                              : HHH000400: Using dialect: org.hibernate.dialect.MySQL8Dialect
2024-04-12T23:13:41.939+02:00  WARN 8256 --- [main] org.hibernate.orm.deprecation            : HHH90000026: MySQL8Dialect has been deprecated; use org.hibernate.dialect.MySQLDialect instead
2024-04-12T23:13:43.334+02:00  INFO 8256 --- [main] o.h.e.t.j.p.i.JtaPlatformInitiator       : HHH000490: Using JtaPlatform implementation: [org.hibernate.engine.transaction.jta.platform.internal.NoJtaPlatform]
2024-04-12T23:13:43.357+02:00  INFO 8256 --- [main] j.LocalContainerEntityManagerFactoryBean : Initialized JPA EntityManagerFactory for persistence unit 'default'
2024-04-12T23:13:44.433+02:00  WARN 8256 --- [main] JpaBaseConfiguration$JpaWebConfiguration : spring.jpa.open-in-view is enabled by default. Therefore, database queries may be performed during view rendering. Explicitly configure spring.jpa.open-in-view to disable this warning
2024-04-12T23:13:44.829+02:00  INFO 8256 --- [main] o.s.s.web.DefaultSecurityFilterChain     : Will secure any request with [org.springframework.security.web.session.DisableEncodeUrlFilter@2b8f5aa4, org.springframework.security.web.context.request.async.WebAsyncManagerIntegrationFilter@7d0e46dd, org.springframework.security.web.context.SecurityContextHolderFilter@4a9d6eb9, org.springframework.security.web.header.HeaderWriterFilter@73ba3c4b, org.springframework.security.web.csrf.CsrfFilter@5d1d05ff, org.springframework.security.web.authentication.logout.LogoutFilter@36995784, org.springframework.security.oauth2.server.resource.web.authentication.BearerTokenAuthenticationFilter@444720b7, org.springframework.security.web.savedrequest.RequestCacheAwareFilter@5b9c74a, org.springframework.security.web.servletapi.SecurityContextHolderAwareRequestFilter@5b395ee, org.springframework.security.web.authentication.AnonymousAuthenticationFilter@318353, org.springframework.security.web.session.SessionManagementFilter@7fe40b9f, org.springframework.security.web.access.ExceptionTranslationFilter@333e01c6, org.springframework.security.web.access.intercept.AuthorizationFilter@cd9ce76]
2024-04-12T23:13:45.967+02:00  WARN 8256 --- [main] ConfigServletWebServerApplicationContext : Exception encountered during context initialization - cancelling refresh attempt: org.springframework.context.ApplicationContextException: Failed to start bean 'webServerStartStop'
2024-04-12T23:13:45.971+02:00  INFO 8256 --- [main] j.LocalContainerEntityManagerFactoryBean : Closing JPA EntityManagerFactory for persistence unit 'default'
2024-04-12T23:13:45.974+02:00  INFO 8256 --- [main] com.zaxxer.hikari.HikariDataSource       : HikariPool-1 - Shutdown initiated...
2024-04-12T23:13:45.988+02:00  INFO 8256 --- [main] com.zaxxer.hikari.HikariDataSource       : HikariPool-1 - Shutdown completed.
2024-04-12T23:13:45.991+02:00  INFO 8256 --- [main] o.apache.catalina.core.StandardService   : Stopping service [Tomcat]
2024-04-12T23:13:46.021+02:00  INFO 8256 --- [main] .s.b.a.l.ConditionEvaluationReportLogger : 

Error starting ApplicationContext. To display the condition evaluation report re-run your application with 'debug' enabled.
2024-04-12T23:13:46.113+02:00 ERROR 8256 --- [main] o.s.b.d.LoggingFailureAnalysisReporter   : 

***************************
APPLICATION FAILED TO START
***************************

Description:

Web server failed to start. Port 7777 was already in use.

Action:

Identify and stop the process that's listening on port 7777 or configure this application to listen on another port.

2024-04-12T23:13:56.511+02:00  INFO 2896 --- [RMI TCP Connection(53)-127.0.0.1] inMXBeanRegistrar$SpringApplicationAdmin : Application shutdown requested.
2024-04-12T23:13:56.544+02:00  INFO 2896 --- [RMI TCP Connection(53)-127.0.0.1] o.apache.catalina.core.StandardService   : Stopping service [Tomcat]
2024-04-12T23:13:56.546+02:00  INFO 2896 --- [RMI TCP Connection(53)-127.0.0.1] o.a.c.c.C.[Tomcat].[localhost].[/]       : Destroying Spring FrameworkServlet 'dispatcherServlet'
2024-04-12T23:13:56.556+02:00  INFO 2896 --- [RMI TCP Connection(53)-127.0.0.1] j.LocalContainerEntityManagerFactoryBean : Closing JPA EntityManagerFactory for persistence unit 'default'
2024-04-12T23:13:56.558+02:00  INFO 2896 --- [RMI TCP Connection(53)-127.0.0.1] com.zaxxer.hikari.HikariDataSource       : HikariPool-1 - Shutdown initiated...
2024-04-12T23:13:56.564+02:00  INFO 2896 --- [RMI TCP Connection(53)-127.0.0.1] com.zaxxer.hikari.HikariDataSource       : HikariPool-1 - Shutdown completed.
2024-04-12T23:14:02.561+02:00  INFO 17360 --- [main] c.m.timesheet.TimeAppServiceApplication  : Starting TimeAppServiceApplication using Java 17.0.10 with PID 17360 (C:\Users\Rajkumar R\Documents\workspace-spring-tool-suite-4-4.22.0.RELEASE\TimeAppService\target\classes started by Rajkumar R in C:\Users\Rajkumar R\Documents\workspace-spring-tool-suite-4-4.22.0.RELEASE\TimeAppService)
2024-04-12T23:14:02.565+02:00  INFO 17360 --- [main] c.m.timesheet.TimeAppServiceApplication  : No active profile set, falling back to 1 default profile: "default"
2024-04-12T23:14:03.704+02:00  INFO 17360 --- [main] .s.d.r.c.RepositoryConfigurationDelegate : Bootstrapping Spring Data JPA repositories in DEFAULT mode.
2024-04-12T23:14:03.816+02:00  INFO 17360 --- [main] .s.d.r.c.RepositoryConfigurationDelegate : Finished Spring Data repository scanning in 94 ms. Found 1 JPA repository interfaces.
2024-04-12T23:14:04.841+02:00  INFO 17360 --- [main] o.s.b.w.embedded.tomcat.TomcatWebServer  : Tomcat initialized with port(s): 7777 (http)
2024-04-12T23:14:04.867+02:00  INFO 17360 --- [main] o.apache.catalina.core.StandardService   : Starting service [Tomcat]
2024-04-12T23:14:04.867+02:00  INFO 17360 --- [main] o.apache.catalina.core.StandardEngine    : Starting Servlet engine: [Apache Tomcat/10.1.1]
2024-04-12T23:14:05.029+02:00  INFO 17360 --- [main] o.a.c.c.C.[Tomcat].[localhost].[/]       : Initializing Spring embedded WebApplicationContext
2024-04-12T23:14:05.030+02:00  INFO 17360 --- [main] w.s.c.ServletWebServerApplicationContext : Root WebApplicationContext: initialization completed in 2375 ms
2024-04-12T23:14:05.325+02:00  INFO 17360 --- [main] o.hibernate.jpa.internal.util.LogHelper  : HHH000204: Processing PersistenceUnitInfo [name: default]
2024-04-12T23:14:05.407+02:00  INFO 17360 --- [main] org.hibernate.Version                    : HHH000412: Hibernate ORM core version 6.1.5.Final
2024-04-12T23:14:05.637+02:00  WARN 17360 --- [main] org.hibernate.orm.deprecation            : HHH90000021: Encountered deprecated setting [javax.persistence.sharedCache.mode], use [jakarta.persistence.sharedCache.mode] instead
2024-04-12T23:14:05.805+02:00  INFO 17360 --- [main] com.zaxxer.hikari.HikariDataSource       : HikariPool-1 - Starting...
2024-04-12T23:14:06.018+02:00  INFO 17360 --- [main] com.zaxxer.hikari.pool.HikariPool        : HikariPool-1 - Added connection com.mysql.cj.jdbc.ConnectionImpl@2ef913a4
2024-04-12T23:14:06.022+02:00  INFO 17360 --- [main] com.zaxxer.hikari.HikariDataSource       : HikariPool-1 - Start completed.
2024-04-12T23:14:06.057+02:00  INFO 17360 --- [main] SQL dialect                              : HHH000400: Using dialect: org.hibernate.dialect.MySQL8Dialect
2024-04-12T23:14:06.058+02:00  WARN 17360 --- [main] org.hibernate.orm.deprecation            : HHH90000026: MySQL8Dialect has been deprecated; use org.hibernate.dialect.MySQLDialect instead
2024-04-12T23:14:07.325+02:00  INFO 17360 --- [main] o.h.e.t.j.p.i.JtaPlatformInitiator       : HHH000490: Using JtaPlatform implementation: [org.hibernate.engine.transaction.jta.platform.internal.NoJtaPlatform]
2024-04-12T23:14:07.342+02:00  INFO 17360 --- [main] j.LocalContainerEntityManagerFactoryBean : Initialized JPA EntityManagerFactory for persistence unit 'default'
2024-04-12T23:14:08.294+02:00  WARN 17360 --- [main] JpaBaseConfiguration$JpaWebConfiguration : spring.jpa.open-in-view is enabled by default. Therefore, database queries may be performed during view rendering. Explicitly configure spring.jpa.open-in-view to disable this warning
2024-04-12T23:14:08.638+02:00  INFO 17360 --- [main] o.s.s.web.DefaultSecurityFilterChain     : Will secure any request with [org.springframework.security.web.session.DisableEncodeUrlFilter@70313b0b, org.springframework.security.web.context.request.async.WebAsyncManagerIntegrationFilter@5da16ed6, org.springframework.security.web.context.SecurityContextHolderFilter@3f523dae, org.springframework.security.web.header.HeaderWriterFilter@309b6768, org.springframework.security.web.csrf.CsrfFilter@3c89fdd8, org.springframework.security.web.authentication.logout.LogoutFilter@7d453075, org.springframework.security.oauth2.server.resource.web.authentication.BearerTokenAuthenticationFilter@7fecc26f, org.springframework.security.web.savedrequest.RequestCacheAwareFilter@1f41f259, org.springframework.security.web.servletapi.SecurityContextHolderAwareRequestFilter@648c80cb, org.springframework.security.web.authentication.AnonymousAuthenticationFilter@444720b7, org.springframework.security.web.session.SessionManagementFilter@31ce271c, org.springframework.security.web.access.ExceptionTranslationFilter@2b551e7b, org.springframework.security.web.access.intercept.AuthorizationFilter@3dd8b40e]
2024-04-12T23:14:09.716+02:00  INFO 17360 --- [main] o.s.b.w.embedded.tomcat.TomcatWebServer  : Tomcat started on port(s): 7777 (http) with context path ''
2024-04-12T23:14:09.733+02:00  INFO 17360 --- [main] c.m.timesheet.TimeAppServiceApplication  : Started TimeAppServiceApplication in 7.841 seconds (process running for 9.109)
2024-04-12T23:14:15.547+02:00  INFO 17360 --- [http-nio-7777-exec-2] o.a.c.c.C.[Tomcat].[localhost].[/]       : Initializing Spring DispatcherServlet 'dispatcherServlet'
2024-04-12T23:14:15.548+02:00  INFO 17360 --- [http-nio-7777-exec-2] o.s.web.servlet.DispatcherServlet        : Initializing Servlet 'dispatcherServlet'
2024-04-12T23:14:15.549+02:00  INFO 17360 --- [http-nio-7777-exec-2] o.s.web.servlet.DispatcherServlet        : Completed initialization in 1 ms
2024-04-12T23:16:44.717+02:00  INFO 6284 --- [main] c.m.timesheet.TimeAppServiceApplication  : Starting TimeAppServiceApplication using Java 17.0.10 with PID 6284 (C:\Users\Rajkumar R\Documents\workspace-spring-tool-suite-4-4.22.0.RELEASE\TimeAppService\target\classes started by Rajkumar R in C:\Users\Rajkumar R\Documents\workspace-spring-tool-suite-4-4.22.0.RELEASE\TimeAppService)
2024-04-12T23:16:44.721+02:00  INFO 6284 --- [main] c.m.timesheet.TimeAppServiceApplication  : No active profile set, falling back to 1 default profile: "default"
2024-04-12T23:16:45.876+02:00  INFO 6284 --- [main] .s.d.r.c.RepositoryConfigurationDelegate : Bootstrapping Spring Data JPA repositories in DEFAULT mode.
2024-04-12T23:16:45.981+02:00  INFO 6284 --- [main] .s.d.r.c.RepositoryConfigurationDelegate : Finished Spring Data repository scanning in 87 ms. Found 1 JPA repository interfaces.
2024-04-12T23:16:46.985+02:00  INFO 6284 --- [main] o.s.b.w.embedded.tomcat.TomcatWebServer  : Tomcat initialized with port(s): 7777 (http)
2024-04-12T23:16:47.004+02:00  INFO 6284 --- [main] o.apache.catalina.core.StandardService   : Starting service [Tomcat]
2024-04-12T23:16:47.006+02:00  INFO 6284 --- [main] o.apache.catalina.core.StandardEngine    : Starting Servlet engine: [Apache Tomcat/10.1.1]
2024-04-12T23:16:47.162+02:00  INFO 6284 --- [main] o.a.c.c.C.[Tomcat].[localhost].[/]       : Initializing Spring embedded WebApplicationContext
2024-04-12T23:16:47.163+02:00  INFO 6284 --- [main] w.s.c.ServletWebServerApplicationContext : Root WebApplicationContext: initialization completed in 2363 ms
2024-04-12T23:16:47.466+02:00  INFO 6284 --- [main] o.hibernate.jpa.internal.util.LogHelper  : HHH000204: Processing PersistenceUnitInfo [name: default]
2024-04-12T23:16:47.546+02:00  INFO 6284 --- [main] org.hibernate.Version                    : HHH000412: Hibernate ORM core version 6.1.5.Final
2024-04-12T23:16:47.764+02:00  WARN 6284 --- [main] org.hibernate.orm.deprecation            : HHH90000021: Encountered deprecated setting [javax.persistence.sharedCache.mode], use [jakarta.persistence.sharedCache.mode] instead
2024-04-12T23:16:47.921+02:00  INFO 6284 --- [main] com.zaxxer.hikari.HikariDataSource       : HikariPool-1 - Starting...
2024-04-12T23:16:48.134+02:00  INFO 6284 --- [main] com.zaxxer.hikari.pool.HikariPool        : HikariPool-1 - Added connection com.mysql.cj.jdbc.ConnectionImpl@174e1b99
2024-04-12T23:16:48.139+02:00  INFO 6284 --- [main] com.zaxxer.hikari.HikariDataSource       : HikariPool-1 - Start completed.
2024-04-12T23:16:48.169+02:00  INFO 6284 --- [main] SQL dialect                              : HHH000400: Using dialect: org.hibernate.dialect.MySQL8Dialect
2024-04-12T23:16:48.170+02:00  WARN 6284 --- [main] org.hibernate.orm.deprecation            : HHH90000026: MySQL8Dialect has been deprecated; use org.hibernate.dialect.MySQLDialect instead
2024-04-12T23:16:49.455+02:00  INFO 6284 --- [main] o.h.e.t.j.p.i.JtaPlatformInitiator       : HHH000490: Using JtaPlatform implementation: [org.hibernate.engine.transaction.jta.platform.internal.NoJtaPlatform]
2024-04-12T23:16:49.470+02:00  INFO 6284 --- [main] j.LocalContainerEntityManagerFactoryBean : Initialized JPA EntityManagerFactory for persistence unit 'default'
2024-04-12T23:16:50.303+02:00  WARN 6284 --- [main] JpaBaseConfiguration$JpaWebConfiguration : spring.jpa.open-in-view is enabled by default. Therefore, database queries may be performed during view rendering. Explicitly configure spring.jpa.open-in-view to disable this warning
2024-04-12T23:16:50.626+02:00  INFO 6284 --- [main] o.s.s.web.DefaultSecurityFilterChain     : Will secure any request with [org.springframework.security.web.session.DisableEncodeUrlFilter@16df0ebd, org.springframework.security.web.context.request.async.WebAsyncManagerIntegrationFilter@29becf8b, org.springframework.security.web.context.SecurityContextHolderFilter@443d94ae, org.springframework.security.web.header.HeaderWriterFilter@189fb01b, org.springframework.security.web.csrf.CsrfFilter@7c16cc25, org.springframework.security.web.authentication.logout.LogoutFilter@6020cd42, org.springframework.security.oauth2.server.resource.web.authentication.BearerTokenAuthenticationFilter@73b71935, org.springframework.security.web.savedrequest.RequestCacheAwareFilter@2b551e7b, org.springframework.security.web.servletapi.SecurityContextHolderAwareRequestFilter@36e95b7b, org.springframework.security.web.authentication.AnonymousAuthenticationFilter@628b1538, org.springframework.security.web.session.SessionManagementFilter@7d816d32, org.springframework.security.web.access.ExceptionTranslationFilter@257e8c43, org.springframework.security.web.access.intercept.AuthorizationFilter@2b27d5d3]
2024-04-12T23:16:51.695+02:00  INFO 6284 --- [main] o.s.b.w.embedded.tomcat.TomcatWebServer  : Tomcat started on port(s): 7777 (http) with context path ''
2024-04-12T23:16:51.713+02:00  INFO 6284 --- [main] c.m.timesheet.TimeAppServiceApplication  : Started TimeAppServiceApplication in 7.677 seconds (process running for 9.09)
2024-04-12T23:22:23.334+02:00  INFO 6284 --- [http-nio-7777-exec-2] o.a.c.c.C.[Tomcat].[localhost].[/]       : Initializing Spring DispatcherServlet 'dispatcherServlet'
2024-04-12T23:22:23.335+02:00  INFO 6284 --- [http-nio-7777-exec-2] o.s.web.servlet.DispatcherServlet        : Initializing Servlet 'dispatcherServlet'
2024-04-12T23:22:23.337+02:00  INFO 6284 --- [http-nio-7777-exec-2] o.s.web.servlet.DispatcherServlet        : Completed initialization in 1 ms
2024-04-12T23:36:00.893+02:00  INFO 10396 --- [main] c.m.timesheet.TimeAppServiceApplication  : Starting TimeAppServiceApplication using Java 17.0.10 with PID 10396 (C:\Users\Rajkumar R\Documents\workspace-spring-tool-suite-4-4.22.0.RELEASE\TimeAppService\target\classes started by Rajkumar R in C:\Users\Rajkumar R\Documents\workspace-spring-tool-suite-4-4.22.0.RELEASE\TimeAppService)
2024-04-12T23:36:00.898+02:00  INFO 10396 --- [main] c.m.timesheet.TimeAppServiceApplication  : No active profile set, falling back to 1 default profile: "default"
2024-04-12T23:36:02.117+02:00  INFO 10396 --- [main] .s.d.r.c.RepositoryConfigurationDelegate : Bootstrapping Spring Data JPA repositories in DEFAULT mode.
2024-04-12T23:36:02.225+02:00  INFO 10396 --- [main] .s.d.r.c.RepositoryConfigurationDelegate : Finished Spring Data repository scanning in 86 ms. Found 1 JPA repository interfaces.
2024-04-12T23:36:03.231+02:00  INFO 10396 --- [main] o.s.b.w.embedded.tomcat.TomcatWebServer  : Tomcat initialized with port(s): 7777 (http)
2024-04-12T23:36:03.248+02:00  INFO 10396 --- [main] o.apache.catalina.core.StandardService   : Starting service [Tomcat]
2024-04-12T23:36:03.248+02:00  INFO 10396 --- [main] o.apache.catalina.core.StandardEngine    : Starting Servlet engine: [Apache Tomcat/10.1.1]
2024-04-12T23:36:03.406+02:00  INFO 10396 --- [main] o.a.c.c.C.[Tomcat].[localhost].[/]       : Initializing Spring embedded WebApplicationContext
2024-04-12T23:36:03.407+02:00  INFO 10396 --- [main] w.s.c.ServletWebServerApplicationContext : Root WebApplicationContext: initialization completed in 2424 ms
2024-04-12T23:36:03.724+02:00  INFO 10396 --- [main] o.hibernate.jpa.internal.util.LogHelper  : HHH000204: Processing PersistenceUnitInfo [name: default]
2024-04-12T23:36:03.805+02:00  INFO 10396 --- [main] org.hibernate.Version                    : HHH000412: Hibernate ORM core version 6.1.5.Final
2024-04-12T23:36:04.075+02:00  WARN 10396 --- [main] org.hibernate.orm.deprecation            : HHH90000021: Encountered deprecated setting [javax.persistence.sharedCache.mode], use [jakarta.persistence.sharedCache.mode] instead
2024-04-12T23:36:04.241+02:00  INFO 10396 --- [main] com.zaxxer.hikari.HikariDataSource       : HikariPool-1 - Starting...
2024-04-12T23:36:04.450+02:00  INFO 10396 --- [main] com.zaxxer.hikari.pool.HikariPool        : HikariPool-1 - Added connection com.mysql.cj.jdbc.ConnectionImpl@32513dea
2024-04-12T23:36:04.454+02:00  INFO 10396 --- [main] com.zaxxer.hikari.HikariDataSource       : HikariPool-1 - Start completed.
2024-04-12T23:36:04.480+02:00  INFO 10396 --- [main] SQL dialect                              : HHH000400: Using dialect: org.hibernate.dialect.MySQL8Dialect
2024-04-12T23:36:04.481+02:00  WARN 10396 --- [main] org.hibernate.orm.deprecation            : HHH90000026: MySQL8Dialect has been deprecated; use org.hibernate.dialect.MySQLDialect instead
2024-04-12T23:36:05.774+02:00  INFO 10396 --- [main] o.h.e.t.j.p.i.JtaPlatformInitiator       : HHH000490: Using JtaPlatform implementation: [org.hibernate.engine.transaction.jta.platform.internal.NoJtaPlatform]
2024-04-12T23:36:05.790+02:00  INFO 10396 --- [main] j.LocalContainerEntityManagerFactoryBean : Initialized JPA EntityManagerFactory for persistence unit 'default'
2024-04-12T23:36:06.749+02:00  WARN 10396 --- [main] JpaBaseConfiguration$JpaWebConfiguration : spring.jpa.open-in-view is enabled by default. Therefore, database queries may be performed during view rendering. Explicitly configure spring.jpa.open-in-view to disable this warning
2024-04-12T23:36:07.076+02:00  INFO 10396 --- [main] o.s.s.web.DefaultSecurityFilterChain     : Will secure any request with [org.springframework.security.web.session.DisableEncodeUrlFilter@3dd8b40e, org.springframework.security.web.context.request.async.WebAsyncManagerIntegrationFilter@4101e146, org.springframework.security.web.context.SecurityContextHolderFilter@333e01c6, org.springframework.security.web.header.HeaderWriterFilter@308d8de8, org.springframework.security.web.csrf.CsrfFilter@22bbbe6, org.springframework.security.web.authentication.logout.LogoutFilter@1043c493, org.springframework.security.oauth2.server.resource.web.authentication.BearerTokenAuthenticationFilter@58dd1d0c, org.springframework.security.web.savedrequest.RequestCacheAwareFilter@18f1a81a, org.springframework.security.web.servletapi.SecurityContextHolderAwareRequestFilter@73ba3c4b, org.springframework.security.web.authentication.AnonymousAuthenticationFilter@7104b117, org.springframework.security.web.session.SessionManagementFilter@36e95b7b, org.springframework.security.web.access.ExceptionTranslationFilter@39eea4f6, org.springframework.security.web.access.intercept.AuthorizationFilter@1cecd0a9]
2024-04-12T23:36:08.164+02:00  INFO 10396 --- [main] o.s.b.w.embedded.tomcat.TomcatWebServer  : Tomcat started on port(s): 7777 (http) with context path ''
2024-04-12T23:36:08.181+02:00  INFO 10396 --- [main] c.m.timesheet.TimeAppServiceApplication  : Started TimeAppServiceApplication in 7.967 seconds (process running for 9.415)
